{"C:\\Users\\Hp\\Desktop\\MY CODING ENVIRONMENT\\fundall_ewallet_project\\app.js": {"path":"C:\\Users\\Hp\\Desktop\\MY CODING ENVIRONMENT\\fundall_ewallet_project\\app.js","statementMap":{"0":{"start":{"line":10,"column":0},"end":{"line":10,"column":36}},"1":{"start":{"line":12,"column":12},"end":{"line":12,"column":21}},"2":{"start":{"line":15,"column":0},"end":{"line":15,"column":24}},"3":{"start":{"line":16,"column":0},"end":{"line":16,"column":46}},"4":{"start":{"line":17,"column":0},"end":{"line":17,"column":23}},"5":{"start":{"line":18,"column":0},"end":{"line":18,"column":24}},"6":{"start":{"line":19,"column":0},"end":{"line":19,"column":26}},"7":{"start":{"line":20,"column":0},"end":{"line":25,"column":4}},"8":{"start":{"line":26,"column":0},"end":{"line":26,"column":31}},"9":{"start":{"line":27,"column":0},"end":{"line":27,"column":28}},"10":{"start":{"line":31,"column":0},"end":{"line":34,"column":3}},"11":{"start":{"line":32,"column":4},"end":{"line":32,"column":39}},"12":{"start":{"line":33,"column":4},"end":{"line":33,"column":59}},"13":{"start":{"line":37,"column":0},"end":{"line":37,"column":25}},"14":{"start":{"line":40,"column":0},"end":{"line":40,"column":25}},"15":{"start":{"line":42,"column":13},"end":{"line":42,"column":105}},"16":{"start":{"line":42,"column":36},"end":{"line":42,"column":104}},"17":{"start":{"line":45,"column":0},"end":{"line":51,"column":3}},"18":{"start":{"line":46,"column":4},"end":{"line":46,"column":39}},"19":{"start":{"line":47,"column":4},"end":{"line":47,"column":61}},"20":{"start":{"line":48,"column":4},"end":{"line":50,"column":6}},"21":{"start":{"line":49,"column":8},"end":{"line":49,"column":23}}},"fnMap":{"0":{"name":"(anonymous_0)","decl":{"start":{"line":31,"column":32},"end":{"line":31,"column":33}},"loc":{"start":{"line":31,"column":41},"end":{"line":34,"column":1}},"line":31},"1":{"name":"(anonymous_1)","decl":{"start":{"line":42,"column":30},"end":{"line":42,"column":31}},"loc":{"start":{"line":42,"column":36},"end":{"line":42,"column":104}},"line":42},"2":{"name":"(anonymous_2)","decl":{"start":{"line":45,"column":33},"end":{"line":45,"column":34}},"loc":{"start":{"line":45,"column":42},"end":{"line":51,"column":1}},"line":45},"3":{"name":"(anonymous_3)","decl":{"start":{"line":48,"column":17},"end":{"line":48,"column":18}},"loc":{"start":{"line":48,"column":23},"end":{"line":50,"column":5}},"line":48}},"branchMap":{},"s":{"0":1,"1":1,"2":1,"3":1,"4":1,"5":1,"6":1,"7":1,"8":1,"9":1,"10":1,"11":0,"12":0,"13":1,"14":1,"15":1,"16":1,"17":1,"18":0,"19":0,"20":0,"21":0},"f":{"0":0,"1":1,"2":0,"3":0},"b":{},"_coverageSchema":"1a1c01bbd47fc00a2c39e90264f33305004495a9","hash":"c95959e73c8096f6f555831a8ae290f5fc79fb40"}
,"C:\\Users\\Hp\\Desktop\\MY CODING ENVIRONMENT\\fundall_ewallet_project\\settings.js": {"path":"C:\\Users\\Hp\\Desktop\\MY CODING ENVIRONMENT\\fundall_ewallet_project\\settings.js","statementMap":{"0":{"start":{"line":2,"column":0},"end":{"line":2,"column":16}},"1":{"start":{"line":4,"column":20},"end":{"line":4,"column":44}},"2":{"start":{"line":5,"column":27},"end":{"line":5,"column":64}},"3":{"start":{"line":7,"column":25},"end":{"line":7,"column":50}},"4":{"start":{"line":8,"column":29},"end":{"line":8,"column":57}},"5":{"start":{"line":9,"column":26},"end":{"line":9,"column":49}}},"fnMap":{},"branchMap":{"0":{"loc":{"start":{"line":4,"column":20},"end":{"line":4,"column":44}},"type":"binary-expr","locations":[{"start":{"line":4,"column":20},"end":{"line":4,"column":36}},{"start":{"line":4,"column":40},"end":{"line":4,"column":44}}],"line":4},"1":{"loc":{"start":{"line":5,"column":27},"end":{"line":5,"column":64}},"type":"binary-expr","locations":[{"start":{"line":5,"column":27},"end":{"line":5,"column":47}},{"start":{"line":5,"column":51},"end":{"line":5,"column":64}}],"line":5}},"s":{"0":1,"1":1,"2":1,"3":1,"4":1,"5":1},"f":{},"b":{"0":[1,0],"1":[1,0]},"_coverageSchema":"1a1c01bbd47fc00a2c39e90264f33305004495a9","hash":"555cfa113a07da78a6e9059332b566614b91f766"}
,"C:\\Users\\Hp\\Desktop\\MY CODING ENVIRONMENT\\fundall_ewallet_project\\api\\controllers\\users.js": {"path":"C:\\Users\\Hp\\Desktop\\MY CODING ENVIRONMENT\\fundall_ewallet_project\\api\\controllers\\users.js","statementMap":{"0":{"start":{"line":20,"column":23},"end":{"line":104,"column":1}},"1":{"start":{"line":23,"column":22},"end":{"line":23,"column":56}},"2":{"start":{"line":24,"column":4},"end":{"line":24,"column":84}},"3":{"start":{"line":24,"column":15},"end":{"line":24,"column":84}},"4":{"start":{"line":26,"column":61},"end":{"line":26,"column":69}},"5":{"start":{"line":28,"column":24},"end":{"line":28,"column":66}},"6":{"start":{"line":29,"column":4},"end":{"line":29,"column":109}},"7":{"start":{"line":29,"column":20},"end":{"line":29,"column":109}},"8":{"start":{"line":31,"column":17},"end":{"line":37,"column":6}},"9":{"start":{"line":39,"column":18},"end":{"line":39,"column":37}},"10":{"start":{"line":41,"column":17},"end":{"line":41,"column":77}},"11":{"start":{"line":42,"column":4},"end":{"line":42,"column":25}},"12":{"start":{"line":43,"column":4},"end":{"line":43,"column":38}},"13":{"start":{"line":44,"column":4},"end":{"line":47,"column":7}},"14":{"start":{"line":61,"column":22},"end":{"line":61,"column":55}},"15":{"start":{"line":62,"column":4},"end":{"line":62,"column":84}},"16":{"start":{"line":62,"column":15},"end":{"line":62,"column":84}},"17":{"start":{"line":64,"column":30},"end":{"line":64,"column":38}},"18":{"start":{"line":65,"column":17},"end":{"line":65,"column":60}},"19":{"start":{"line":66,"column":4},"end":{"line":66,"column":95}},"20":{"start":{"line":66,"column":15},"end":{"line":66,"column":95}},"21":{"start":{"line":68,"column":28},"end":{"line":68,"column":62}},"22":{"start":{"line":69,"column":4},"end":{"line":69,"column":101}},"23":{"start":{"line":69,"column":26},"end":{"line":69,"column":101}},"24":{"start":{"line":71,"column":18},"end":{"line":71,"column":37}},"25":{"start":{"line":72,"column":17},"end":{"line":72,"column":71}},"26":{"start":{"line":73,"column":4},"end":{"line":73,"column":25}},"27":{"start":{"line":74,"column":4},"end":{"line":74,"column":38}},"28":{"start":{"line":75,"column":4},"end":{"line":78,"column":7}},"29":{"start":{"line":95,"column":8},"end":{"line":95,"column":31}},"30":{"start":{"line":99,"column":8},"end":{"line":99,"column":26}},"31":{"start":{"line":100,"column":8},"end":{"line":102,"column":10}}},"fnMap":{"0":{"name":"(anonymous_0)","decl":{"start":{"line":21,"column":2},"end":{"line":21,"column":3}},"loc":{"start":{"line":21,"column":31},"end":{"line":48,"column":3}},"line":21},"1":{"name":"(anonymous_1)","decl":{"start":{"line":60,"column":2},"end":{"line":60,"column":3}},"loc":{"start":{"line":60,"column":30},"end":{"line":79,"column":3}},"line":60},"2":{"name":"(anonymous_2)","decl":{"start":{"line":89,"column":4},"end":{"line":89,"column":5}},"loc":{"start":{"line":89,"column":38},"end":{"line":96,"column":5}},"line":89},"3":{"name":"(anonymous_3)","decl":{"start":{"line":98,"column":4},"end":{"line":98,"column":5}},"loc":{"start":{"line":98,"column":33},"end":{"line":103,"column":5}},"line":98}},"branchMap":{"0":{"loc":{"start":{"line":24,"column":4},"end":{"line":24,"column":84}},"type":"if","locations":[{"start":{"line":24,"column":4},"end":{"line":24,"column":84}},{"start":{},"end":{}}],"line":24},"1":{"loc":{"start":{"line":29,"column":4},"end":{"line":29,"column":109}},"type":"if","locations":[{"start":{"line":29,"column":4},"end":{"line":29,"column":109}},{"start":{},"end":{}}],"line":29},"2":{"loc":{"start":{"line":62,"column":4},"end":{"line":62,"column":84}},"type":"if","locations":[{"start":{"line":62,"column":4},"end":{"line":62,"column":84}},{"start":{},"end":{}}],"line":62},"3":{"loc":{"start":{"line":66,"column":4},"end":{"line":66,"column":95}},"type":"if","locations":[{"start":{"line":66,"column":4},"end":{"line":66,"column":95}},{"start":{},"end":{}}],"line":66},"4":{"loc":{"start":{"line":69,"column":4},"end":{"line":69,"column":101}},"type":"if","locations":[{"start":{"line":69,"column":4},"end":{"line":69,"column":101}},{"start":{},"end":{}}],"line":69}},"s":{"0":1,"1":7,"2":7,"3":6,"4":1,"5":1,"6":0,"7":0,"8":0,"9":0,"10":0,"11":0,"12":0,"13":0,"14":5,"15":5,"16":2,"17":3,"18":3,"19":0,"20":0,"21":0,"22":0,"23":0,"24":0,"25":0,"26":0,"27":0,"28":0,"29":0,"30":1,"31":1},"f":{"0":7,"1":5,"2":0,"3":1},"b":{"0":[6,1],"1":[0,0],"2":[2,3],"3":[0,0],"4":[0,0]},"_coverageSchema":"1a1c01bbd47fc00a2c39e90264f33305004495a9","hash":"32299bae2007d6c8ea032b5a480320b4db44c1a8"}
,"C:\\Users\\Hp\\Desktop\\MY CODING ENVIRONMENT\\fundall_ewallet_project\\api\\routes\\users.js": {"path":"C:\\Users\\Hp\\Desktop\\MY CODING ENVIRONMENT\\fundall_ewallet_project\\api\\routes\\users.js","statementMap":{"0":{"start":{"line":5,"column":15},"end":{"line":5,"column":31}},"1":{"start":{"line":7,"column":0},"end":{"line":7,"column":54}},"2":{"start":{"line":9,"column":0},"end":{"line":9,"column":50}},"3":{"start":{"line":11,"column":0},"end":{"line":11,"column":71}},"4":{"start":{"line":13,"column":0},"end":{"line":13,"column":51}},"5":{"start":{"line":15,"column":0},"end":{"line":15,"column":24}}},"fnMap":{},"branchMap":{},"s":{"0":1,"1":1,"2":1,"3":1,"4":1,"5":1},"f":{},"b":{},"_coverageSchema":"1a1c01bbd47fc00a2c39e90264f33305004495a9","hash":"a2b48a89afcf5d07e27bc4df6c83fa3a25211027"}
,"C:\\Users\\Hp\\Desktop\\MY CODING ENVIRONMENT\\fundall_ewallet_project\\config\\passport_config.js": {"path":"C:\\Users\\Hp\\Desktop\\MY CODING ENVIRONMENT\\fundall_ewallet_project\\config\\passport_config.js","statementMap":{"0":{"start":{"line":5,"column":18},"end":{"line":5,"column":50}},"1":{"start":{"line":6,"column":17},"end":{"line":6,"column":51}},"2":{"start":{"line":7,"column":11},"end":{"line":7,"column":13}},"3":{"start":{"line":8,"column":0},"end":{"line":8,"column":63}},"4":{"start":{"line":9,"column":0},"end":{"line":9,"column":28}},"5":{"start":{"line":12,"column":0},"end":{"line":25,"column":4}},"6":{"start":{"line":13,"column":4},"end":{"line":13,"column":35}},"7":{"start":{"line":14,"column":4},"end":{"line":24,"column":7}},"8":{"start":{"line":15,"column":8},"end":{"line":17,"column":9}},"9":{"start":{"line":16,"column":12},"end":{"line":16,"column":36}},"10":{"start":{"line":18,"column":8},"end":{"line":23,"column":9}},"11":{"start":{"line":19,"column":12},"end":{"line":19,"column":42}},"12":{"start":{"line":21,"column":12},"end":{"line":21,"column":37}}},"fnMap":{"0":{"name":"(anonymous_0)","decl":{"start":{"line":12,"column":35},"end":{"line":12,"column":36}},"loc":{"start":{"line":12,"column":63},"end":{"line":25,"column":1}},"line":12},"1":{"name":"(anonymous_1)","decl":{"start":{"line":14,"column":43},"end":{"line":14,"column":44}},"loc":{"start":{"line":14,"column":63},"end":{"line":24,"column":5}},"line":14}},"branchMap":{"0":{"loc":{"start":{"line":15,"column":8},"end":{"line":17,"column":9}},"type":"if","locations":[{"start":{"line":15,"column":8},"end":{"line":17,"column":9}},{"start":{},"end":{}}],"line":15},"1":{"loc":{"start":{"line":18,"column":8},"end":{"line":23,"column":9}},"type":"if","locations":[{"start":{"line":18,"column":8},"end":{"line":23,"column":9}},{"start":{"line":20,"column":15},"end":{"line":23,"column":9}}],"line":18}},"s":{"0":1,"1":1,"2":1,"3":1,"4":1,"5":1,"6":0,"7":0,"8":0,"9":0,"10":0,"11":0,"12":0},"f":{"0":0,"1":0},"b":{"0":[0,0],"1":[0,0]},"_coverageSchema":"1a1c01bbd47fc00a2c39e90264f33305004495a9","hash":"37e0624748b5022f6199f247f04c1e06c9ea898f"}
,"C:\\Users\\Hp\\Desktop\\MY CODING ENVIRONMENT\\fundall_ewallet_project\\input_validation\\validate_user_login.js": {"path":"C:\\Users\\Hp\\Desktop\\MY CODING ENVIRONMENT\\fundall_ewallet_project\\input_validation\\validate_user_login.js","statementMap":{"0":{"start":{"line":8,"column":26},"end":{"line":21,"column":1}},"1":{"start":{"line":10,"column":19},"end":{"line":19,"column":10}},"2":{"start":{"line":20,"column":4},"end":{"line":20,"column":32}}},"fnMap":{"0":{"name":"(anonymous_0)","decl":{"start":{"line":8,"column":26},"end":{"line":8,"column":27}},"loc":{"start":{"line":8,"column":36},"end":{"line":21,"column":1}},"line":8}},"branchMap":{},"s":{"0":1,"1":5,"2":5},"f":{"0":5},"b":{},"_coverageSchema":"1a1c01bbd47fc00a2c39e90264f33305004495a9","hash":"00006d043912fcd8ba511c7cd2d439940ed3d26d"}
,"C:\\Users\\Hp\\Desktop\\MY CODING ENVIRONMENT\\fundall_ewallet_project\\input_validation\\validate_user_signup.js": {"path":"C:\\Users\\Hp\\Desktop\\MY CODING ENVIRONMENT\\fundall_ewallet_project\\input_validation\\validate_user_signup.js","statementMap":{"0":{"start":{"line":8,"column":27},"end":{"line":29,"column":1}},"1":{"start":{"line":10,"column":19},"end":{"line":27,"column":10}},"2":{"start":{"line":28,"column":4},"end":{"line":28,"column":32}}},"fnMap":{"0":{"name":"(anonymous_0)","decl":{"start":{"line":8,"column":27},"end":{"line":8,"column":28}},"loc":{"start":{"line":8,"column":37},"end":{"line":29,"column":1}},"line":8}},"branchMap":{},"s":{"0":1,"1":7,"2":7},"f":{"0":7},"b":{},"_coverageSchema":"1a1c01bbd47fc00a2c39e90264f33305004495a9","hash":"41bf4c35ca86cb89b720959f75a51399ac7b8e4e"}
,"C:\\Users\\Hp\\Desktop\\MY CODING ENVIRONMENT\\fundall_ewallet_project\\middlewares\\auth.js": {"path":"C:\\Users\\Hp\\Desktop\\MY CODING ENVIRONMENT\\fundall_ewallet_project\\middlewares\\auth.js","statementMap":{"0":{"start":{"line":8,"column":13},"end":{"line":64,"column":1}},"1":{"start":{"line":18,"column":22},"end":{"line":23,"column":9}},"2":{"start":{"line":24,"column":8},"end":{"line":24,"column":21}},"3":{"start":{"line":36,"column":8},"end":{"line":46,"column":26}},"4":{"start":{"line":37,"column":12},"end":{"line":39,"column":13}},"5":{"start":{"line":38,"column":16},"end":{"line":38,"column":70}},"6":{"start":{"line":40,"column":12},"end":{"line":45,"column":13}},"7":{"start":{"line":41,"column":29},"end":{"line":41,"column":72}},"8":{"start":{"line":42,"column":16},"end":{"line":42,"column":32}},"9":{"start":{"line":44,"column":16},"end":{"line":44,"column":26}}},"fnMap":{"0":{"name":"(anonymous_0)","decl":{"start":{"line":17,"column":3},"end":{"line":17,"column":4}},"loc":{"start":{"line":17,"column":18},"end":{"line":25,"column":5}},"line":17},"1":{"name":"(anonymous_1)","decl":{"start":{"line":35,"column":4},"end":{"line":35,"column":5}},"loc":{"start":{"line":35,"column":33},"end":{"line":47,"column":5}},"line":35},"2":{"name":"(anonymous_2)","decl":{"start":{"line":36,"column":57},"end":{"line":36,"column":58}},"loc":{"start":{"line":36,"column":79},"end":{"line":46,"column":9}},"line":36}},"branchMap":{"0":{"loc":{"start":{"line":37,"column":12},"end":{"line":39,"column":13}},"type":"if","locations":[{"start":{"line":37,"column":12},"end":{"line":39,"column":13}},{"start":{},"end":{}}],"line":37},"1":{"loc":{"start":{"line":37,"column":15},"end":{"line":37,"column":27}},"type":"binary-expr","locations":[{"start":{"line":37,"column":15},"end":{"line":37,"column":18}},{"start":{"line":37,"column":22},"end":{"line":37,"column":27}}],"line":37}},"s":{"0":1,"1":0,"2":0,"3":0,"4":0,"5":0,"6":0,"7":0,"8":0,"9":0},"f":{"0":0,"1":0,"2":0},"b":{"0":[0,0],"1":[0,0]},"_coverageSchema":"1a1c01bbd47fc00a2c39e90264f33305004495a9","hash":"91a24399655b8fc46cd45313889dd1028e45648d"}
,"C:\\Users\\Hp\\Desktop\\MY CODING ENVIRONMENT\\fundall_ewallet_project\\middlewares\\error.js": {"path":"C:\\Users\\Hp\\Desktop\\MY CODING ENVIRONMENT\\fundall_ewallet_project\\middlewares\\error.js","statementMap":{"0":{"start":{"line":10,"column":24},"end":{"line":19,"column":5}},"1":{"start":{"line":11,"column":4},"end":{"line":11,"column":68}},"2":{"start":{"line":13,"column":8},"end":{"line":18,"column":10}}},"fnMap":{"0":{"name":"(anonymous_0)","decl":{"start":{"line":10,"column":24},"end":{"line":10,"column":25}},"loc":{"start":{"line":10,"column":49},"end":{"line":19,"column":5}},"line":10}},"branchMap":{"0":{"loc":{"start":{"line":11,"column":21},"end":{"line":11,"column":67}},"type":"binary-expr","locations":[{"start":{"line":11,"column":21},"end":{"line":11,"column":35}},{"start":{"line":11,"column":39},"end":{"line":11,"column":67}}],"line":11}},"s":{"0":1,"1":4,"2":4},"f":{"0":4},"b":{"0":[4,4]},"_coverageSchema":"1a1c01bbd47fc00a2c39e90264f33305004495a9","hash":"268fa6d625198a36d542e263d5d2a0e753736511"}
,"C:\\Users\\Hp\\Desktop\\MY CODING ENVIRONMENT\\fundall_ewallet_project\\models\\index.js": {"path":"C:\\Users\\Hp\\Desktop\\MY CODING ENVIRONMENT\\fundall_ewallet_project\\models\\index.js","statementMap":{"0":{"start":{"line":1,"column":11},"end":{"line":1,"column":24}},"1":{"start":{"line":2,"column":13},"end":{"line":2,"column":28}},"2":{"start":{"line":3,"column":18},"end":{"line":3,"column":38}},"3":{"start":{"line":5,"column":17},"end":{"line":5,"column":47}},"4":{"start":{"line":6,"column":12},"end":{"line":6,"column":49}},"5":{"start":{"line":7,"column":15},"end":{"line":7,"column":52}},"6":{"start":{"line":9,"column":11},"end":{"line":9,"column":13}},"7":{"start":{"line":11,"column":18},"end":{"line":13,"column":74}},"8":{"start":{"line":16,"column":0},"end":{"line":25,"column":5}},"9":{"start":{"line":19,"column":4},"end":{"line":21,"column":30}},"10":{"start":{"line":23,"column":18},"end":{"line":23,"column":62}},"11":{"start":{"line":24,"column":4},"end":{"line":24,"column":27}},"12":{"start":{"line":27,"column":0},"end":{"line":30,"column":3}},"13":{"start":{"line":28,"column":2},"end":{"line":29,"column":32}},"14":{"start":{"line":29,"column":4},"end":{"line":29,"column":32}},"15":{"start":{"line":32,"column":0},"end":{"line":32,"column":25}},"16":{"start":{"line":33,"column":0},"end":{"line":33,"column":25}},"17":{"start":{"line":35,"column":0},"end":{"line":35,"column":20}}},"fnMap":{"0":{"name":"(anonymous_0)","decl":{"start":{"line":18,"column":10},"end":{"line":18,"column":11}},"loc":{"start":{"line":19,"column":4},"end":{"line":21,"column":30}},"line":19},"1":{"name":"(anonymous_1)","decl":{"start":{"line":22,"column":11},"end":{"line":22,"column":12}},"loc":{"start":{"line":22,"column":21},"end":{"line":25,"column":3}},"line":22},"2":{"name":"(anonymous_2)","decl":{"start":{"line":27,"column":24},"end":{"line":27,"column":25}},"loc":{"start":{"line":27,"column":39},"end":{"line":30,"column":1}},"line":27}},"branchMap":{"0":{"loc":{"start":{"line":6,"column":12},"end":{"line":6,"column":49}},"type":"binary-expr","locations":[{"start":{"line":6,"column":12},"end":{"line":6,"column":32}},{"start":{"line":6,"column":36},"end":{"line":6,"column":49}}],"line":6},"1":{"loc":{"start":{"line":11,"column":18},"end":{"line":13,"column":74}},"type":"cond-expr","locations":[{"start":{"line":12,"column":2},"end":{"line":12,"column":53}},{"start":{"line":13,"column":2},"end":{"line":13,"column":74}}],"line":11},"2":{"loc":{"start":{"line":19,"column":4},"end":{"line":21,"column":30}},"type":"binary-expr","locations":[{"start":{"line":19,"column":5},"end":{"line":19,"column":28}},{"start":{"line":20,"column":5},"end":{"line":20,"column":22}},{"start":{"line":21,"column":5},"end":{"line":21,"column":29}}],"line":19},"3":{"loc":{"start":{"line":28,"column":2},"end":{"line":29,"column":32}},"type":"if","locations":[{"start":{"line":28,"column":2},"end":{"line":29,"column":32}},{"start":{},"end":{}}],"line":28}},"s":{"0":1,"1":1,"2":1,"3":1,"4":1,"5":1,"6":1,"7":1,"8":1,"9":2,"10":1,"11":1,"12":1,"13":1,"14":0,"15":1,"16":1,"17":1},"f":{"0":2,"1":1,"2":1},"b":{"0":[1,0],"1":[0,1],"2":[2,2,1],"3":[0,1]},"_coverageSchema":"1a1c01bbd47fc00a2c39e90264f33305004495a9","hash":"ff8f4fc244056acef5cbac2901e1b7b1b327cc93"}
,"C:\\Users\\Hp\\Desktop\\MY CODING ENVIRONMENT\\fundall_ewallet_project\\models\\users.js": {"path":"C:\\Users\\Hp\\Desktop\\MY CODING ENVIRONMENT\\fundall_ewallet_project\\models\\users.js","statementMap":{"0":{"start":{"line":4,"column":0},"end":{"line":55,"column":2}},"1":{"start":{"line":5,"column":15},"end":{"line":41,"column":4}},"2":{"start":{"line":30,"column":8},"end":{"line":30,"column":71}},"3":{"start":{"line":36,"column":21},"end":{"line":36,"column":54}},"4":{"start":{"line":37,"column":8},"end":{"line":37,"column":61}},"5":{"start":{"line":43,"column":2},"end":{"line":48,"column":5}},"6":{"start":{"line":44,"column":4},"end":{"line":47,"column":5}},"7":{"start":{"line":45,"column":19},"end":{"line":45,"column":52}},"8":{"start":{"line":46,"column":6},"end":{"line":46,"column":59}},"9":{"start":{"line":50,"column":2},"end":{"line":53,"column":4}},"10":{"start":{"line":51,"column":4},"end":{"line":51,"column":70}},"11":{"start":{"line":52,"column":4},"end":{"line":52,"column":55}},"12":{"start":{"line":54,"column":2},"end":{"line":54,"column":14}}},"fnMap":{"0":{"name":"(anonymous_0)","decl":{"start":{"line":4,"column":17},"end":{"line":4,"column":18}},"loc":{"start":{"line":4,"column":43},"end":{"line":55,"column":1}},"line":4},"1":{"name":"(anonymous_1)","decl":{"start":{"line":29,"column":20},"end":{"line":29,"column":21}},"loc":{"start":{"line":29,"column":39},"end":{"line":31,"column":7}},"line":29},"2":{"name":"(anonymous_2)","decl":{"start":{"line":35,"column":20},"end":{"line":35,"column":21}},"loc":{"start":{"line":35,"column":36},"end":{"line":38,"column":7}},"line":35},"3":{"name":"(anonymous_3)","decl":{"start":{"line":43,"column":20},"end":{"line":43,"column":21}},"loc":{"start":{"line":43,"column":45},"end":{"line":48,"column":3}},"line":43},"4":{"name":"(anonymous_4)","decl":{"start":{"line":50,"column":33},"end":{"line":50,"column":34}},"loc":{"start":{"line":50,"column":52},"end":{"line":53,"column":3}},"line":50}},"branchMap":{"0":{"loc":{"start":{"line":44,"column":4},"end":{"line":47,"column":5}},"type":"if","locations":[{"start":{"line":44,"column":4},"end":{"line":47,"column":5}},{"start":{},"end":{}}],"line":44}},"s":{"0":1,"1":1,"2":0,"3":0,"4":0,"5":1,"6":0,"7":0,"8":0,"9":1,"10":0,"11":0,"12":1},"f":{"0":1,"1":0,"2":0,"3":0,"4":0},"b":{"0":[0,0]},"_coverageSchema":"1a1c01bbd47fc00a2c39e90264f33305004495a9","hash":"71c3ed7f7848a284b93397d3a07cce9a9dc99b8c"}
,"C:\\Users\\Hp\\Desktop\\MY CODING ENVIRONMENT\\fundall_ewallet_project\\utils\\errorHandler.js": {"path":"C:\\Users\\Hp\\Desktop\\MY CODING ENVIRONMENT\\fundall_ewallet_project\\utils\\errorHandler.js","statementMap":{"0":{"start":{"line":3,"column":8},"end":{"line":3,"column":23}},"1":{"start":{"line":4,"column":12},"end":{"line":4,"column":41}},"2":{"start":{"line":6,"column":8},"end":{"line":6,"column":56}}},"fnMap":{"0":{"name":"(anonymous_0)","decl":{"start":{"line":2,"column":4},"end":{"line":2,"column":5}},"loc":{"start":{"line":2,"column":37},"end":{"line":7,"column":5}},"line":2}},"branchMap":{},"s":{"0":0,"1":0,"2":0},"f":{"0":0},"b":{},"_coverageSchema":"1a1c01bbd47fc00a2c39e90264f33305004495a9","hash":"bd6556fc0ac43c8b9851ef88856f2d9c9f164edf"}
}
