TN:
SF:app.js
FN:31,(anonymous_0)
FN:42,(anonymous_1)
FN:45,(anonymous_2)
FN:48,(anonymous_3)
FNF:4
FNH:1
FNDA:0,(anonymous_0)
FNDA:1,(anonymous_1)
FNDA:0,(anonymous_2)
FNDA:0,(anonymous_3)
DA:10,1
DA:12,1
DA:15,1
DA:16,1
DA:17,1
DA:18,1
DA:19,1
DA:20,1
DA:26,1
DA:27,1
DA:31,1
DA:32,0
DA:33,0
DA:37,1
DA:40,1
DA:42,1
DA:45,1
DA:46,0
DA:47,0
DA:48,0
DA:49,0
LF:21
LH:15
BRF:0
BRH:0
end_of_record
TN:
SF:settings.js
FNF:0
FNH:0
DA:2,1
DA:4,1
DA:5,1
DA:7,1
DA:8,1
DA:9,1
LF:6
LH:6
BRDA:4,0,0,1
BRDA:4,0,1,0
BRDA:5,1,0,1
BRDA:5,1,1,0
BRF:4
BRH:2
end_of_record
TN:
SF:api\controllers\users.js
FN:21,(anonymous_0)
FN:60,(anonymous_1)
FN:89,(anonymous_2)
FN:98,(anonymous_3)
FNF:4
FNH:3
FNDA:7,(anonymous_0)
FNDA:5,(anonymous_1)
FNDA:0,(anonymous_2)
FNDA:1,(anonymous_3)
DA:20,1
DA:23,7
DA:24,7
DA:26,1
DA:28,1
DA:29,0
DA:31,0
DA:39,0
DA:41,0
DA:42,0
DA:43,0
DA:44,0
DA:61,5
DA:62,5
DA:64,3
DA:65,3
DA:66,0
DA:68,0
DA:69,0
DA:71,0
DA:72,0
DA:73,0
DA:74,0
DA:75,0
DA:95,0
DA:99,1
DA:100,1
LF:27
LH:11
BRDA:24,0,0,6
BRDA:24,0,1,1
BRDA:29,1,0,0
BRDA:29,1,1,0
BRDA:62,2,0,2
BRDA:62,2,1,3
BRDA:66,3,0,0
BRDA:66,3,1,0
BRDA:69,4,0,0
BRDA:69,4,1,0
BRF:10
BRH:4
end_of_record
TN:
SF:api\routes\users.js
FNF:0
FNH:0
DA:5,1
DA:7,1
DA:9,1
DA:11,1
DA:13,1
DA:15,1
LF:6
LH:6
BRF:0
BRH:0
end_of_record
TN:
SF:config\passport_config.js
FN:12,(anonymous_0)
FN:14,(anonymous_1)
FNF:2
FNH:0
FNDA:0,(anonymous_0)
FNDA:0,(anonymous_1)
DA:5,1
DA:6,1
DA:7,1
DA:8,1
DA:9,1
DA:12,1
DA:13,0
DA:14,0
DA:15,0
DA:16,0
DA:18,0
DA:19,0
DA:21,0
LF:13
LH:6
BRDA:15,0,0,0
BRDA:15,0,1,0
BRDA:18,1,0,0
BRDA:18,1,1,0
BRF:4
BRH:0
end_of_record
TN:
SF:input_validation\validate_user_login.js
FN:8,(anonymous_0)
FNF:1
FNH:1
FNDA:5,(anonymous_0)
DA:8,1
DA:10,5
DA:20,5
LF:3
LH:3
BRF:0
BRH:0
end_of_record
TN:
SF:input_validation\validate_user_signup.js
FN:8,(anonymous_0)
FNF:1
FNH:1
FNDA:7,(anonymous_0)
DA:8,1
DA:10,7
DA:28,7
LF:3
LH:3
BRF:0
BRH:0
end_of_record
TN:
SF:middlewares\auth.js
FN:17,(anonymous_0)
FN:35,(anonymous_1)
FN:36,(anonymous_2)
FNF:3
FNH:0
FNDA:0,(anonymous_0)
FNDA:0,(anonymous_1)
FNDA:0,(anonymous_2)
DA:8,1
DA:18,0
DA:24,0
DA:36,0
DA:37,0
DA:38,0
DA:40,0
DA:41,0
DA:42,0
DA:44,0
LF:10
LH:1
BRDA:37,0,0,0
BRDA:37,0,1,0
BRDA:37,1,0,0
BRDA:37,1,1,0
BRF:4
BRH:0
end_of_record
TN:
SF:middlewares\error.js
FN:10,(anonymous_0)
FNF:1
FNH:1
FNDA:4,(anonymous_0)
DA:10,1
DA:11,4
DA:13,4
LF:3
LH:3
BRDA:11,0,0,4
BRDA:11,0,1,4
BRF:2
BRH:2
end_of_record
TN:
SF:models\index.js
FN:18,(anonymous_0)
FN:22,(anonymous_1)
FN:27,(anonymous_2)
FNF:3
FNH:3
FNDA:2,(anonymous_0)
FNDA:1,(anonymous_1)
FNDA:1,(anonymous_2)
DA:1,1
DA:2,1
DA:3,1
DA:5,1
DA:6,1
DA:7,1
DA:9,1
DA:11,1
DA:16,1
DA:19,2
DA:23,1
DA:24,1
DA:27,1
DA:28,1
DA:29,0
DA:32,1
DA:33,1
DA:35,1
LF:18
LH:17
BRDA:6,0,0,1
BRDA:6,0,1,0
BRDA:11,1,0,0
BRDA:11,1,1,1
BRDA:19,2,0,2
BRDA:19,2,1,2
BRDA:19,2,2,1
BRDA:28,3,0,0
BRDA:28,3,1,1
BRF:9
BRH:6
end_of_record
TN:
SF:models\users.js
FN:4,(anonymous_0)
FN:29,(anonymous_1)
FN:35,(anonymous_2)
FN:43,(anonymous_3)
FN:50,(anonymous_4)
FNF:5
FNH:1
FNDA:1,(anonymous_0)
FNDA:0,(anonymous_1)
FNDA:0,(anonymous_2)
FNDA:0,(anonymous_3)
FNDA:0,(anonymous_4)
DA:4,1
DA:5,1
DA:30,0
DA:36,0
DA:37,0
DA:43,1
DA:44,0
DA:45,0
DA:46,0
DA:50,1
DA:51,0
DA:52,0
DA:54,1
LF:13
LH:5
BRDA:44,0,0,0
BRDA:44,0,1,0
BRF:2
BRH:0
end_of_record
TN:
SF:utils\errorHandler.js
FN:2,(anonymous_0)
FNF:1
FNH:0
FNDA:0,(anonymous_0)
DA:3,0
DA:4,0
DA:6,0
LF:3
LH:0
BRF:0
BRH:0
end_of_record
